<?xml version="1.0" encoding="UTF-8"?>
<!-- Generated by org.testng.reporters.JUnitReportReporter -->
<testsuite hostname="LAPTOP-R5G8AN9N" failures="0" tests="1" name="week2.day1.CreateContactLead" time="18.453" errors="0" timestamp="2021-06-05T15:37:43 IST" skipped="0">
  <testcase classname="week2.day1.CreateContactLead" name="runCreateLead" time="18.453"/>
  <system-out/>
</testsuite> <!-- week2.day1.CreateContactLead -->
