<?xml version="1.0" encoding="UTF-8"?>
<!-- Generated by org.testng.reporters.JUnitReportReporter -->
<testsuite hostname="LAPTOP-R5G8AN9N" failures="0" tests="1" name="Week5.day2.addExcelDataDynamically.DeleteLead" time="18.583" errors="0" timestamp="2021-06-08T19:16:15 IST" skipped="0">
  <testcase classname="Week5.day2.addExcelDataDynamically.DeleteLead" name="runDelete" time="18.583"/>
  <system-out/>
</testsuite> <!-- Week5.day2.addExcelDataDynamically.DeleteLead -->
