<?xml version="1.0" encoding="UTF-8"?>
<!-- Generated by org.testng.reporters.JUnitReportReporter -->
<testsuite hostname="LAPTOP-R5G8AN9N" failures="0" tests="1" name="testcase.DuplicateLead" time="26.603" errors="0" timestamp="2021-06-05T16:31:46 IST" skipped="0">
  <testcase classname="testcase.DuplicateLead" name="runDuplicate" time="26.603"/>
  <system-out/>
</testsuite> <!-- testcase.DuplicateLead -->
