<?xml version="1.0" encoding="UTF-8"?>
<!-- Generated by org.testng.reporters.JUnitReportReporter -->
<testsuite hostname="LAPTOP-R5G8AN9N" failures="0" tests="1" name="testcase.CreateLead" time="24.176" errors="0" timestamp="2021-06-05T16:31:46 IST" skipped="0">
  <testcase classname="testcase.CreateLead" name="runCreateLead" time="24.176"/>
  <system-out/>
</testsuite> <!-- testcase.CreateLead -->
