<?xml version="1.0" encoding="UTF-8"?>
<!-- Generated by org.testng.reporters.JUnitReportReporter -->
<testsuite hostname="LAPTOP-R5G8AN9N" failures="0" tests="2" name="Week5.day2.addExcelDataDynamically.EditLead" time="67.421" errors="0" timestamp="2021-06-07T20:24:56 IST" skipped="0">
  <testcase classname="Week5.day2.addExcelDataDynamically.EditLead" name="runEdit" time="44.221"/>
  <system-out/>
  <testcase classname="Week5.day2.addExcelDataDynamically.EditLead" name="runEdit" time="23.200"/>
  <system-out/>
</testsuite> <!-- Week5.day2.addExcelDataDynamically.EditLead -->
