<?xml version="1.0" encoding="UTF-8"?>
<!-- Generated by org.testng.reporters.JUnitReportReporter -->
<testsuite hostname="LAPTOP-R5G8AN9N" failures="0" tests="1" name="testcase.EditLead" time="15.518" errors="0" timestamp="2021-06-05T16:31:46 IST" skipped="0">
  <testcase classname="testcase.EditLead" name="runEdit" time="15.518"/>
  <system-out/>
</testsuite> <!-- testcase.EditLead -->
