<?xml version="1.0" encoding="UTF-8"?>
<!-- Generated by org.testng.reporters.JUnitReportReporter -->
<testsuite hostname="LAPTOP-R5G8AN9N" failures="0" tests="2" name="Week5.day2.addExcelDataDynamically.CreateLead" time="30.748" errors="0" timestamp="2021-06-08T19:01:31 IST" skipped="0">
  <testcase classname="Week5.day2.addExcelDataDynamically.CreateLead" name="runCreateLead" time="13.980"/>
  <system-out/>
  <testcase classname="Week5.day2.addExcelDataDynamically.CreateLead" name="runCreateLead" time="16.768"/>
  <system-out/>
</testsuite> <!-- Week5.day2.addExcelDataDynamically.CreateLead -->
